<?xml version="1.0" encoding="UTF-8"?>
<!-- Generated by org.testng.reporters.JUnitReportReporter -->
<testsuite hostname="DESKTOP-8E4954A" failures="0" tests="3" name="rahulshettyacademy.TestComponents.RBCTest2" time="65.031" errors="0" timestamp="13 Nov. 2022 15:42:52 GMT" skipped="0">
  <testcase classname="rahulshettyacademy.TestComponents.RBCTest2" name="submitOrder" time="23.637"/>
  <testcase classname="rahulshettyacademy.TestComponents.RBCTest2" name="submitOrder" time="22.074"/>
  <testcase classname="rahulshettyacademy.TestComponents.RBCTest2" name="submitOrder" time="19.320"/>
</testsuite> <!-- rahulshettyacademy.TestComponents.RBCTest2 -->
